


          SolidWorks Corporation - STEP Processor Error Log
          ______________________________________________________

                       STEP Post Processor
                       ___________________


STEP File Name: C:\Users\cmw04\Desktop\4Á· ·Îº¿\hip_thigh assembly_2.STEP


Tolerant model: end of curve off by 0.000449992
Tolerant model: end of curve off by 0.000152069
Tolerant model: end of curve off by 0.000394908
Tolerant model: start of curve off by 0.000191893
Tolerant model: start of curve off by 0.000169684
Tolerant model: start of curve off by 0.000517013
Tolerant model: end of curve off by 0.000517013
Tolerant model: start of curve off by 0.000834488
Tolerant model: start of curve off by 0.000350724
Tolerant model: end of curve off by 0.000662416
Tolerant model: start of curve off by 0.000102922
Tolerant model: start of curve off by 0.000393785
Tolerant model: start of curve off by 0.00025
Tolerant model: end of curve off by 0.00025
Tolerant model: start of curve off by 0.00030742
Tolerant model: start of curve off by 0.000175
Tolerant model: end of curve off by 0.000175
Tolerant model: start of curve off by 0.000500013
Tolerant model: end of curve off by 0.000500013
Tolerant model: end of curve off by 0.000493961
Tolerant model: end of curve off by 0.000165989
Tolerant model: start of curve off by 0.000102922
Tolerant model: start of curve off by 0.000758863
Tolerant model: start of curve off by 0.00122651
Tolerant model: start of curve off by 0.000102922
Tolerant model: start of curve off by 0.00034917
Tolerant model: start of curve off by 0.000155894
Tolerant model: end of curve off by 0.000419195
Tolerant model: start of curve off by 0.000517013
Tolerant model: end of curve off by 0.000517013
Tolerant model: start of curve off by 0.000103607
Tolerant model: end of curve off by 0.000748308
Tolerant model: start of curve off by 0.00030742
Tolerant model: end of curve off by 0.000308996
Tolerant model: end of curve off by 0.00116662
Tolerant model: end of curve off by 0.000132467
Tolerant model: start of curve off by 0.000152069
Tolerant model: start of curve off by 0.000103606
Tolerant model: end of curve off by 0.000322311
Tolerant model: start of curve off by 0.000606055
Tolerant model: end of curve off by 0.000401716
Tolerant model: start of curve off by 0.0010198
Tolerant model: end of curve off by 0.000152069
Tolerant model: start of curve off by 0.00015
Tolerant model: end of curve off by 0.00015
Tolerant model: end of curve off by 0.00050622
Tolerant model: start of curve off by 0.000482275
Tolerant model: end of curve off by 0.000606055
Tolerant model: end of curve off by 0.000335269
Tolerant model: start of curve off by 0.000352211
Tolerant model: start of curve off by 0.000159928
Tolerant model: end of curve off by 0.000155894
Tolerant model: start of curve off by 0.000199315
Tolerant model: end of curve off by 0.000199315
Tolerant model: start of curve off by 0.000172227
Tolerant model: end of curve off by 0.000172227
Tolerant model: start of curve off by 0.000176839
Tolerant model: end of curve off by 0.000176839
Tolerant model: start of curve off by 0.000997063
Tolerant model: start of curve off by 0.0006338
Tolerant model: end of curve off by 0.000158916
Tolerant model: start of curve off by 0.000168262
Tolerant model: end of curve off by 0.000159928
Tolerant model: start of curve off by 0.000102064
Tolerant model: start of curve off by 0.000651782
Tolerant model: start of curve off by 0.00031834
Tolerant model: start of curve off by 0.00015
Tolerant model: start of curve off by 0.000420125
Tolerant model: end of curve off by 0.000200107
Tolerant model: start of curve off by 0.00192798
Tolerant model: start of curve off by 0.00050622
Tolerant model: start of curve off by 0.000122364
Tolerant model: start of curve off by 0.000267856
Tolerant model: start of curve off by 0.000721446
Tolerant model: start of curve off by 0.000721446
Tolerant model: end of curve off by 0.0012135
Tolerant model: end of curve off by 0.000303301
Tolerant model: end of curve off by 0.000394908
Tolerant model: start of curve off by 0.000549978
Tolerant model: start of curve off by 0.000252782
Tolerant model: start of curve off by 0.000558117
Tolerant model: end of curve off by 0.000159928
Tolerant model: end of curve off by 0.000721446
Tolerant model: start of curve off by 0.000154552
Tolerant model: end of curve off by 0.00173401
Tolerant model: start of curve off by 0.000175
Tolerant model: end of curve off by 0.000175
Tolerant model: end of curve off by 0.000172312
Tolerant model: start of curve off by 0.00122651
Tolerant model: start of curve off by 0.00192777
Tolerant model: end of curve off by 0.000689723
Tolerant model: end of curve off by 0.00176318
Tolerant model: start of curve off by 0.00180783
Tolerant model: end of curve off by 0.000253801
Tolerant model: start of curve off by 0.000175
Tolerant model: end of curve off by 0.000175
Tolerant model: end of curve off by 0.000184262
Tolerant model: end of curve off by 0.000967607
Tolerant model: end of curve off by 0.000196872
Tolerant model: start of curve off by 0.000115906
Tolerant model: end of curve off by 0.0010508
Tolerant model: start of curve off by 0.000299211
Tolerant model: end of curve off by 0.00149453
Tolerant model: start of curve off by 0.000596761
Tolerant model: end of curve off by 0.000596761
Tolerant model: start of curve off by 0.000175
Tolerant model: end of curve off by 0.000175
Tolerant model: end of curve off by 0.000177554
Tolerant model: start of curve off by 0.00101983
Tolerant model: start of curve off by 0.000102922
Tolerant model: end of curve off by 0.00134346
Tolerant model: start of curve off by 0.000102922
Tolerant model: start of curve off by 0.000122364
Tolerant model: start of curve off by 0.000205565
Tolerant model: start of curve off by 0.000167496
Tolerant model: end of curve off by 0.000171065
Tolerant model: start of curve off by 0.000687229
Tolerant model: end of curve off by 0.000291548
Tolerant model: start of curve off by 0.000263674
Tolerant model: end of curve off by 0.000158114
Tolerant model: start of curve off by 0.000158916
Tolerant model: end of curve off by 0.000167496
Tolerant model: end of curve off by 0.00016
Tolerant model: start of curve off by 0.00012204
Tolerant model: start of curve off by 0.00016
Tolerant model: end of curve off by 0.000639046
Tolerant model: end of curve off by 0.000997002
Tolerant model: start of curve off by 0.000175
Tolerant model: end of curve off by 0.000175
Tolerant model: start of curve off by 0.000159928
Tolerant model: end of curve off by 0.000719758
Tolerant model: end of curve off by 0.000975422
Tolerant model: start of curve off by 0.000175
Tolerant model: end of curve off by 0.000175
Tolerant model: start of curve off by 0.000477724
Tolerant model: end of curve off by 0.000775208
Tolerant model: end of curve off by 0.000133251
Tolerant model: end of curve off by 0.00038287
Tolerant model: start of curve off by 0.000835667
Tolerant model: end of curve off by 0.00120266
Tolerant model: start of curve off by 0.00050622
Tolerant model: start of curve off by 0.000175
Tolerant model: end of curve off by 0.000175
Tolerant model: start of curve off by 0.000189613
Tolerant model: end of curve off by 0.000189613
Tolerant model: start of curve off by 0.000167496
Tolerant model: start of curve off by 0.000250105
Tolerant model: start of curve off by 0.000619023
Tolerant model: end of curve off by 0.000619023
Tolerant model: start of curve off by 0.000303301
Tolerant model: end of curve off by 0.000303301
Tolerant model: end of curve off by 0.000184262
Tolerant model: start of curve off by 0.000347531
Tolerant model: end of curve off by 0.000480648
Tolerant model: end of curve off by 0.00036484
Tolerant model: end of curve off by 0.000419195
Tolerant model: start of curve off by 0.000655243
Tolerant model: start of curve off by 0.000717653
Tolerant model: end of curve off by 0.000525489
Tolerant model: start of curve off by 0.000175
Tolerant model: end of curve off by 0.000175
Tolerant model: start of curve off by 0.000152069
Tolerant model: start of curve off by 0.00016
Tolerant model: end of curve off by 0.000134969
Tolerant model: end of curve off by 0.000237171
Tolerant model: start of curve off by 0.000477236
Tolerant model: end of curve off by 0.000207576
Tolerant model: start of curve off by 0.000103532
Tolerant model: start of curve off by 0.000517013
Tolerant model: end of curve off by 0.000517013
Tolerant model: end of curve off by 0.0012889
Tolerant model: end of curve off by 0.000131382
Tolerant model: start of curve off by 0.000189613
Tolerant model: end of curve off by 0.000189613
Tolerant model: start of curve off by 0.000442926
Tolerant model: end of curve off by 0.000775208
Tolerant model: end of curve off by 0.000168262
Tolerant model: end of curve off by 0.00016354
Tolerant model: end of curve off by 0.000997002
Tolerant model: end of curve off by 0.00031834
Tolerant model: start of curve off by 0.000769108
Tolerant model: end of curve off by 0.000549978
Tolerant model: end of curve off by 0.00143979
Tolerant model: start of curve off by 0.000251133
Tolerant model: end of curve off by 0.000535466
Tolerant model: end of curve off by 0.000319586
Tolerant model: start of curve off by 0.000122364
Tolerant model: start of curve off by 0.000349021
Tolerant model: start of curve off by 0.000175
Tolerant model: end of curve off by 0.000175
Tolerant model: start of curve off by 0.00034917
Tolerant model: end of curve off by 0.000291548
Tolerant model: start of curve off by 0.000102922
Tolerant model: start of curve off by 0.000596761
Tolerant model: end of curve off by 0.000596761
Tolerant model: start of curve off by 0.000102922
Tolerant model: start of curve off by 0.000154552
Tolerant model: end of curve off by 0.000151206
Tolerant model: end of curve off by 0.000834488
Tolerant model: start of curve off by 0.000997063
Tolerant model: end of curve off by 0.00116662
Tolerant model: start of curve off by 0.000443542
Tolerant model: end of curve off by 0.000979117
Tolerant model: start of curve off by 0.000517013
Tolerant model: end of curve off by 0.000517013
Tolerant model: start of curve off by 0.000122364
Tolerant model: start of curve off by 0.000419195
Tolerant model: end of curve off by 0.000389797
Tolerant model: start of curve off by 0.000256907
Tolerant model: end of curve off by 0.000256907
Tolerant model: start of curve off by 0.000167496
Tolerant model: start of curve off by 0.000702819
Tolerant model: start of curve off by 0.000420955
Tolerant model: end of curve off by 0.000172312
Tolerant model: start of curve off by 0.000717083
Tolerant model: end of curve off by 0.000721446
Tolerant model: start of curve off by 0.000977692
Tolerant model: start of curve off by 0.000175
Tolerant model: end of curve off by 0.000175
Tolerant model: start of curve off by 0.000185825
Tolerant model: end of curve off by 0.000611774
Tolerant model: start of curve off by 0.000339763
Tolerant model: end of curve off by 0.000402814
Tolerant model: end of curve off by 0.000253801
Tolerant model: start of curve off by 0.00165465
Tolerant model: start of curve off by 0.000237171
Tolerant model: end of curve off by 0.000933259
Tolerant model: start of curve off by 0.000103607
Tolerant model: start of curve off by 0.00200192
Tolerant model: end of curve off by 0.00117235
Tolerant model: start of curve off by 0.00106343
Tolerant model: end of curve off by 0.00046713
Tolerant model: start of curve off by 0.000769089
Tolerant model: start of curve off by 0.000442089
Tolerant model: end of curve off by 0.000132077
Tolerant model: start of curve off by 0.000318353
Tolerant model: end of curve off by 0.000318353
Tolerant model: start of curve off by 0.00102151
Tolerant model: start of curve off by 0.00015
Tolerant model: end of curve off by 0.000468853
Tolerant model: start of curve off by 0.00105779
Tolerant model: start of curve off by 0.000451977
Tolerant model: end of curve off by 0.00093155
Tolerant model: start of curve off by 0.000625611
Tolerant model: start of curve off by 0.001126
Tolerant model: end of curve off by 0.000624184
Tolerant model: start of curve off by 0.000303301
Tolerant model: start of curve off by 0.000175
Tolerant model: end of curve off by 0.000175
Tolerant model: end of curve off by 0.000467162
Tolerant model: start of curve off by 0.000179992
Tolerant model: start of curve off by 0.000158114
Tolerant model: start of curve off by 0.000185825
Tolerant model: end of curve off by 0.00156956
Tolerant model: end of curve off by 0.00030742
Tolerant model: start of curve off by 0.00015
Tolerant model: end of curve off by 0.00015
Tolerant model: end of curve off by 0.000480648
Tolerant model: start of curve off by 0.000920302
Tolerant model: end of curve off by 0.000578455
Tolerant model: start of curve off by 0.000135436
Tolerant model: start of curve off by 0.000308996
Tolerant model: end of curve off by 0.000334184
Tolerant model: end of curve off by 0.000716977
Tolerant model: end of curve off by 0.000299211
Tolerant model: start of curve off by 0.000171065
Tolerant model: start of curve off by 0.00150958
Tolerant model: start of curve off by 0.000199315
Tolerant model: end of curve off by 0.000199315
Tolerant model: end of curve off by 0.000743428
Tolerant model: end of curve off by 0.000716977
Tolerant model: end of curve off by 0.00070639
Tolerant model: start of curve off by 0.00015
Tolerant model: end of curve off by 0.00015
Tolerant model: start of curve off by 0.000103511
Tolerant model: end of curve off by 0.00050622
Tolerant model: start of curve off by 0.000102922
Tolerant model: end of curve off by 0.000500906
Tolerant model: start of curve off by 0.000102922
Tolerant model: start of curve off by 0.000419195
Tolerant model: end of curve off by 0.000419195
Tolerant model: start of curve off by 0.000154552
Tolerant model: start of curve off by 0.000169684
Tolerant model: end of curve off by 0.000998319
Tolerant model: start of curve off by 0.000717653
Tolerant model: end of curve off by 0.000525489
Tolerant model: end of curve off by 0.000154793
Tolerant model: end of curve off by 0.00015
Tolerant model: end of curve off by 0.000308996
Tolerant model: start of curve off by 0.000920302
Tolerant model: end of curve off by 0.000578455
Tolerant model: start of curve off by 0.000500013
Tolerant model: end of curve off by 0.000500013
Tolerant model: start of curve off by 0.000717083
Tolerant model: end of curve off by 0.000861821
Tolerant model: start of curve off by 0.0012212
Tolerant model: start of curve off by 0.000103511
Tolerant model: start of curve off by 0.000585641
Tolerant model: start of curve off by 0.000655243
Tolerant model: start of curve off by 0.00038287
Tolerant model: start of curve off by 0.000133251
Tolerant model: end of curve off by 0.000834488
Tolerant model: start of curve off by 0.00011713
Tolerant model: start of curve off by 0.000175
Tolerant model: end of curve off by 0.000175
Tolerant model: start of curve off by 0.000619023
Tolerant model: end of curve off by 0.000619023
Tolerant model: start of curve off by 0.00033444
Tolerant model: start of curve off by 0.000197333
